{"C:\\Users\\ASUS\\Documents\\Hacktiv8\\Fase2\\todoapp-erinafir\\server\\app.js": {"path":"C:\\Users\\ASUS\\Documents\\Hacktiv8\\Fase2\\todoapp-erinafir\\server\\app.js","statementMap":{"0":{"start":{"line":6,"column":0},"end":{"line":8,"column":1}},"1":{"start":{"line":7,"column":2},"end":{"line":7,"column":29}},"2":{"start":{"line":10,"column":16},"end":{"line":10,"column":34}},"3":{"start":{"line":11,"column":21},"end":{"line":11,"column":57}},"4":{"start":{"line":12,"column":12},"end":{"line":12,"column":21}},"5":{"start":{"line":16,"column":13},"end":{"line":16,"column":28}},"6":{"start":{"line":17,"column":0},"end":{"line":17,"column":15}},"7":{"start":{"line":18,"column":0},"end":{"line":18,"column":49}},"8":{"start":{"line":19,"column":0},"end":{"line":19,"column":24}},"9":{"start":{"line":21,"column":0},"end":{"line":21,"column":33}},"10":{"start":{"line":22,"column":0},"end":{"line":22,"column":22}},"11":{"start":{"line":24,"column":0},"end":{"line":24,"column":20}}},"fnMap":{},"branchMap":{"0":{"loc":{"start":{"line":6,"column":0},"end":{"line":8,"column":1}},"type":"if","locations":[{"start":{"line":6,"column":0},"end":{"line":8,"column":1}},{"start":{},"end":{}}],"line":6}},"s":{"0":1,"1":1,"2":1,"3":1,"4":1,"5":1,"6":1,"7":1,"8":1,"9":1,"10":1,"11":1},"f":{},"b":{"0":[1,0]},"_coverageSchema":"1a1c01bbd47fc00a2c39e90264f33305004495a9","hash":"4de92a5f8525a8470b8e9133d05f913cbcc71537"}
,"C:\\Users\\ASUS\\Documents\\Hacktiv8\\Fase2\\todoapp-erinafir\\server\\index.js": {"path":"C:\\Users\\ASUS\\Documents\\Hacktiv8\\Fase2\\todoapp-erinafir\\server\\index.js","statementMap":{"0":{"start":{"line":1,"column":19},"end":{"line":1,"column":40}},"1":{"start":{"line":2,"column":20},"end":{"line":8,"column":4}},"2":{"start":{"line":10,"column":20},"end":{"line":15,"column":3}},"3":{"start":{"line":17,"column":2},"end":{"line":23,"column":5}},"4":{"start":{"line":18,"column":4},"end":{"line":22,"column":5}},"5":{"start":{"line":19,"column":6},"end":{"line":19,"column":25}},"6":{"start":{"line":21,"column":6},"end":{"line":21,"column":50}},"7":{"start":{"line":25,"column":2},"end":{"line":25,"column":45}}},"fnMap":{"0":{"name":"(anonymous_0)","decl":{"start":{"line":17,"column":36},"end":{"line":17,"column":37}},"loc":{"start":{"line":17,"column":57},"end":{"line":23,"column":3}},"line":17}},"branchMap":{"0":{"loc":{"start":{"line":18,"column":4},"end":{"line":22,"column":5}},"type":"if","locations":[{"start":{"line":18,"column":4},"end":{"line":22,"column":5}},{"start":{"line":20,"column":11},"end":{"line":22,"column":5}}],"line":18}},"s":{"0":1,"1":1,"2":1,"3":1,"4":0,"5":0,"6":0,"7":1},"f":{"0":0},"b":{"0":[0,0]},"_coverageSchema":"1a1c01bbd47fc00a2c39e90264f33305004495a9","hash":"972316ee6a85553a11ff5fc241d3356c986690a0"}
,"C:\\Users\\ASUS\\Documents\\Hacktiv8\\Fase2\\todoapp-erinafir\\server\\controllers\\controller.js": {"path":"C:\\Users\\ASUS\\Documents\\Hacktiv8\\Fase2\\todoapp-erinafir\\server\\controllers\\controller.js","statementMap":{"0":{"start":{"line":1,"column":24},"end":{"line":1,"column":43}},"1":{"start":{"line":2,"column":23},"end":{"line":2,"column":43}},"2":{"start":{"line":3,"column":22},"end":{"line":3,"column":47}},"3":{"start":{"line":4,"column":25},"end":{"line":4,"column":55}},"4":{"start":{"line":5,"column":15},"end":{"line":5,"column":43}},"5":{"start":{"line":6,"column":15},"end":{"line":6,"column":33}},"6":{"start":{"line":10,"column":4},"end":{"line":42,"column":5}},"7":{"start":{"line":11,"column":65},"end":{"line":11,"column":73}},"8":{"start":{"line":12,"column":17},"end":{"line":18,"column":8}},"9":{"start":{"line":19,"column":41},"end":{"line":19,"column":60}},"10":{"start":{"line":20,"column":6},"end":{"line":31,"column":8}},"11":{"start":{"line":32,"column":6},"end":{"line":38,"column":9}},"12":{"start":{"line":33,"column":8},"end":{"line":37,"column":9}},"13":{"start":{"line":34,"column":10},"end":{"line":34,"column":29}},"14":{"start":{"line":36,"column":10},"end":{"line":36,"column":54}},"15":{"start":{"line":39,"column":6},"end":{"line":39,"column":61}},"16":{"start":{"line":41,"column":6},"end":{"line":41,"column":18}},"17":{"start":{"line":45,"column":4},"end":{"line":68,"column":5}},"18":{"start":{"line":46,"column":34},"end":{"line":46,"column":42}},"19":{"start":{"line":47,"column":6},"end":{"line":49,"column":7}},"20":{"start":{"line":48,"column":8},"end":{"line":48,"column":40}},"21":{"start":{"line":50,"column":6},"end":{"line":52,"column":7}},"22":{"start":{"line":51,"column":8},"end":{"line":51,"column":43}},"23":{"start":{"line":53,"column":17},"end":{"line":53,"column":64}},"24":{"start":{"line":54,"column":6},"end":{"line":54,"column":24}},"25":{"start":{"line":55,"column":6},"end":{"line":57,"column":7}},"26":{"start":{"line":56,"column":8},"end":{"line":56,"column":30}},"27":{"start":{"line":58,"column":26},"end":{"line":58,"column":62}},"28":{"start":{"line":59,"column":6},"end":{"line":61,"column":7}},"29":{"start":{"line":60,"column":8},"end":{"line":60,"column":30}},"30":{"start":{"line":62,"column":20},"end":{"line":64,"column":8}},"31":{"start":{"line":65,"column":6},"end":{"line":65,"column":52}},"32":{"start":{"line":67,"column":6},"end":{"line":67,"column":18}},"33":{"start":{"line":71,"column":4},"end":{"line":94,"column":5}},"34":{"start":{"line":72,"column":6},"end":{"line":72,"column":28}},"35":{"start":{"line":73,"column":21},"end":{"line":77,"column":8}},"36":{"start":{"line":78,"column":22},"end":{"line":78,"column":41}},"37":{"start":{"line":79,"column":30},"end":{"line":89,"column":8}},"38":{"start":{"line":90,"column":6},"end":{"line":90,"column":57}},"39":{"start":{"line":92,"column":6},"end":{"line":92,"column":25}},"40":{"start":{"line":93,"column":6},"end":{"line":93,"column":18}},"41":{"start":{"line":97,"column":4},"end":{"line":106,"column":5}},"42":{"start":{"line":98,"column":25},"end":{"line":98,"column":33}},"43":{"start":{"line":99,"column":17},"end":{"line":99,"column":44}},"44":{"start":{"line":100,"column":6},"end":{"line":102,"column":7}},"45":{"start":{"line":101,"column":8},"end":{"line":101,"column":30}},"46":{"start":{"line":103,"column":6},"end":{"line":103,"column":33}},"47":{"start":{"line":105,"column":6},"end":{"line":105,"column":18}},"48":{"start":{"line":109,"column":4},"end":{"line":131,"column":5}},"49":{"start":{"line":110,"column":21},"end":{"line":110,"column":31}},"50":{"start":{"line":111,"column":65},"end":{"line":111,"column":73}},"51":{"start":{"line":112,"column":21},"end":{"line":112,"column":44}},"52":{"start":{"line":113,"column":6},"end":{"line":115,"column":7}},"53":{"start":{"line":114,"column":8},"end":{"line":114,"column":30}},"54":{"start":{"line":116,"column":6},"end":{"line":125,"column":8}},"55":{"start":{"line":126,"column":6},"end":{"line":128,"column":77}},"56":{"start":{"line":130,"column":6},"end":{"line":130,"column":18}},"57":{"start":{"line":134,"column":4},"end":{"line":145,"column":5}},"58":{"start":{"line":135,"column":25},"end":{"line":135,"column":33}},"59":{"start":{"line":136,"column":30},"end":{"line":136,"column":38}},"60":{"start":{"line":137,"column":17},"end":{"line":141,"column":8}},"61":{"start":{"line":142,"column":6},"end":{"line":142,"column":33}},"62":{"start":{"line":144,"column":6},"end":{"line":144,"column":18}},"63":{"start":{"line":148,"column":4},"end":{"line":154,"column":5}},"64":{"start":{"line":149,"column":25},"end":{"line":149,"column":33}},"65":{"start":{"line":150,"column":17},"end":{"line":150,"column":66}},"66":{"start":{"line":151,"column":6},"end":{"line":151,"column":33}},"67":{"start":{"line":153,"column":6},"end":{"line":153,"column":18}},"68":{"start":{"line":157,"column":4},"end":{"line":166,"column":5}},"69":{"start":{"line":158,"column":21},"end":{"line":158,"column":31}},"70":{"start":{"line":159,"column":17},"end":{"line":159,"column":40}},"71":{"start":{"line":160,"column":6},"end":{"line":162,"column":7}},"72":{"start":{"line":161,"column":8},"end":{"line":161,"column":30}},"73":{"start":{"line":163,"column":6},"end":{"line":163,"column":33}},"74":{"start":{"line":165,"column":6},"end":{"line":165,"column":18}},"75":{"start":{"line":169,"column":4},"end":{"line":188,"column":5}},"76":{"start":{"line":170,"column":21},"end":{"line":170,"column":31}},"77":{"start":{"line":171,"column":30},"end":{"line":171,"column":38}},"78":{"start":{"line":172,"column":17},"end":{"line":172,"column":40}},"79":{"start":{"line":173,"column":6},"end":{"line":175,"column":7}},"80":{"start":{"line":174,"column":8},"end":{"line":174,"column":30}},"81":{"start":{"line":176,"column":6},"end":{"line":182,"column":8}},"82":{"start":{"line":183,"column":6},"end":{"line":185,"column":70}},"83":{"start":{"line":187,"column":6},"end":{"line":187,"column":18}},"84":{"start":{"line":191,"column":4},"end":{"line":203,"column":5}},"85":{"start":{"line":192,"column":21},"end":{"line":192,"column":31}},"86":{"start":{"line":193,"column":17},"end":{"line":193,"column":40}},"87":{"start":{"line":194,"column":6},"end":{"line":196,"column":7}},"88":{"start":{"line":195,"column":8},"end":{"line":195,"column":30}},"89":{"start":{"line":197,"column":6},"end":{"line":197,"column":48}},"90":{"start":{"line":198,"column":6},"end":{"line":200,"column":70}},"91":{"start":{"line":202,"column":6},"end":{"line":202,"column":18}},"92":{"start":{"line":206,"column":4},"end":{"line":212,"column":5}},"93":{"start":{"line":207,"column":23},"end":{"line":207,"column":52}},"94":{"start":{"line":208,"column":6},"end":{"line":208,"column":26}},"95":{"start":{"line":210,"column":6},"end":{"line":210,"column":25}},"96":{"start":{"line":211,"column":6},"end":{"line":211,"column":17}},"97":{"start":{"line":216,"column":0},"end":{"line":216,"column":28}}},"fnMap":{"0":{"name":"(anonymous_0)","decl":{"start":{"line":9,"column":2},"end":{"line":9,"column":3}},"loc":{"start":{"line":9,"column":40},"end":{"line":43,"column":3}},"line":9},"1":{"name":"(anonymous_1)","decl":{"start":{"line":32,"column":40},"end":{"line":32,"column":41}},"loc":{"start":{"line":32,"column":63},"end":{"line":38,"column":7}},"line":32},"2":{"name":"(anonymous_2)","decl":{"start":{"line":44,"column":2},"end":{"line":44,"column":3}},"loc":{"start":{"line":44,"column":41},"end":{"line":69,"column":3}},"line":44},"3":{"name":"(anonymous_3)","decl":{"start":{"line":70,"column":2},"end":{"line":70,"column":3}},"loc":{"start":{"line":70,"column":47},"end":{"line":95,"column":3}},"line":70},"4":{"name":"(anonymous_4)","decl":{"start":{"line":96,"column":2},"end":{"line":96,"column":3}},"loc":{"start":{"line":96,"column":43},"end":{"line":107,"column":3}},"line":96},"5":{"name":"(anonymous_5)","decl":{"start":{"line":108,"column":2},"end":{"line":108,"column":3}},"loc":{"start":{"line":108,"column":42},"end":{"line":132,"column":3}},"line":108},"6":{"name":"(anonymous_6)","decl":{"start":{"line":133,"column":2},"end":{"line":133,"column":3}},"loc":{"start":{"line":133,"column":40},"end":{"line":146,"column":3}},"line":133},"7":{"name":"(anonymous_7)","decl":{"start":{"line":147,"column":2},"end":{"line":147,"column":3}},"loc":{"start":{"line":147,"column":40},"end":{"line":155,"column":3}},"line":147},"8":{"name":"(anonymous_8)","decl":{"start":{"line":156,"column":2},"end":{"line":156,"column":3}},"loc":{"start":{"line":156,"column":43},"end":{"line":167,"column":3}},"line":156},"9":{"name":"(anonymous_9)","decl":{"start":{"line":168,"column":2},"end":{"line":168,"column":3}},"loc":{"start":{"line":168,"column":42},"end":{"line":189,"column":3}},"line":168},"10":{"name":"(anonymous_10)","decl":{"start":{"line":190,"column":2},"end":{"line":190,"column":3}},"loc":{"start":{"line":190,"column":42},"end":{"line":204,"column":3}},"line":190},"11":{"name":"(anonymous_11)","decl":{"start":{"line":205,"column":2},"end":{"line":205,"column":3}},"loc":{"start":{"line":205,"column":41},"end":{"line":213,"column":3}},"line":205}},"branchMap":{"0":{"loc":{"start":{"line":33,"column":8},"end":{"line":37,"column":9}},"type":"if","locations":[{"start":{"line":33,"column":8},"end":{"line":37,"column":9}},{"start":{"line":35,"column":15},"end":{"line":37,"column":9}}],"line":33},"1":{"loc":{"start":{"line":47,"column":6},"end":{"line":49,"column":7}},"type":"if","locations":[{"start":{"line":47,"column":6},"end":{"line":49,"column":7}},{"start":{},"end":{}}],"line":47},"2":{"loc":{"start":{"line":50,"column":6},"end":{"line":52,"column":7}},"type":"if","locations":[{"start":{"line":50,"column":6},"end":{"line":52,"column":7}},{"start":{},"end":{}}],"line":50},"3":{"loc":{"start":{"line":55,"column":6},"end":{"line":57,"column":7}},"type":"if","locations":[{"start":{"line":55,"column":6},"end":{"line":57,"column":7}},{"start":{},"end":{}}],"line":55},"4":{"loc":{"start":{"line":59,"column":6},"end":{"line":61,"column":7}},"type":"if","locations":[{"start":{"line":59,"column":6},"end":{"line":61,"column":7}},{"start":{},"end":{}}],"line":59},"5":{"loc":{"start":{"line":100,"column":6},"end":{"line":102,"column":7}},"type":"if","locations":[{"start":{"line":100,"column":6},"end":{"line":102,"column":7}},{"start":{},"end":{}}],"line":100},"6":{"loc":{"start":{"line":113,"column":6},"end":{"line":115,"column":7}},"type":"if","locations":[{"start":{"line":113,"column":6},"end":{"line":115,"column":7}},{"start":{},"end":{}}],"line":113},"7":{"loc":{"start":{"line":160,"column":6},"end":{"line":162,"column":7}},"type":"if","locations":[{"start":{"line":160,"column":6},"end":{"line":162,"column":7}},{"start":{},"end":{}}],"line":160},"8":{"loc":{"start":{"line":173,"column":6},"end":{"line":175,"column":7}},"type":"if","locations":[{"start":{"line":173,"column":6},"end":{"line":175,"column":7}},{"start":{},"end":{}}],"line":173},"9":{"loc":{"start":{"line":194,"column":6},"end":{"line":196,"column":7}},"type":"if","locations":[{"start":{"line":194,"column":6},"end":{"line":196,"column":7}},{"start":{},"end":{}}],"line":194}},"s":{"0":1,"1":1,"2":1,"3":1,"4":1,"5":1,"6":6,"7":6,"8":6,"9":1,"10":1,"11":1,"12":0,"13":0,"14":0,"15":1,"16":5,"17":5,"18":5,"19":5,"20":1,"21":4,"22":1,"23":3,"24":3,"25":3,"26":1,"27":2,"28":2,"29":1,"30":1,"31":1,"32":4,"33":0,"34":0,"35":0,"36":0,"37":0,"38":0,"39":0,"40":0,"41":0,"42":0,"43":0,"44":0,"45":0,"46":0,"47":0,"48":6,"49":6,"50":6,"51":6,"52":6,"53":0,"54":6,"55":1,"56":5,"57":2,"58":2,"59":2,"60":2,"61":1,"62":1,"63":1,"64":1,"65":1,"66":1,"67":0,"68":1,"69":1,"70":1,"71":1,"72":0,"73":1,"74":0,"75":2,"76":2,"77":2,"78":2,"79":2,"80":0,"81":2,"82":1,"83":1,"84":1,"85":1,"86":1,"87":1,"88":0,"89":1,"90":1,"91":0,"92":0,"93":0,"94":0,"95":0,"96":0,"97":1},"f":{"0":6,"1":0,"2":5,"3":0,"4":0,"5":6,"6":2,"7":1,"8":1,"9":2,"10":1,"11":0},"b":{"0":[0,0],"1":[1,4],"2":[1,3],"3":[1,2],"4":[1,1],"5":[0,0],"6":[0,6],"7":[0,1],"8":[0,2],"9":[0,1]},"_coverageSchema":"1a1c01bbd47fc00a2c39e90264f33305004495a9","hash":"b929630a75f015019affdf6c657bfa14544b88ba"}
,"C:\\Users\\ASUS\\Documents\\Hacktiv8\\Fase2\\todoapp-erinafir\\server\\helpers\\jwt.js": {"path":"C:\\Users\\ASUS\\Documents\\Hacktiv8\\Fase2\\todoapp-erinafir\\server\\helpers\\jwt.js","statementMap":{"0":{"start":{"line":1,"column":12},"end":{"line":1,"column":35}},"1":{"start":{"line":2,"column":15},"end":{"line":2,"column":37}},"2":{"start":{"line":5,"column":18},"end":{"line":5,"column":56}},"3":{"start":{"line":5,"column":31},"end":{"line":5,"column":56}},"4":{"start":{"line":6,"column":19},"end":{"line":6,"column":59}},"5":{"start":{"line":6,"column":32},"end":{"line":6,"column":59}},"6":{"start":{"line":8,"column":0},"end":{"line":8,"column":40}}},"fnMap":{"0":{"name":"(anonymous_0)","decl":{"start":{"line":5,"column":18},"end":{"line":5,"column":19}},"loc":{"start":{"line":5,"column":31},"end":{"line":5,"column":56}},"line":5},"1":{"name":"(anonymous_1)","decl":{"start":{"line":6,"column":19},"end":{"line":6,"column":20}},"loc":{"start":{"line":6,"column":32},"end":{"line":6,"column":59}},"line":6}},"branchMap":{},"s":{"0":1,"1":1,"2":1,"3":3,"4":1,"5":18,"6":1},"f":{"0":3,"1":18},"b":{},"_coverageSchema":"1a1c01bbd47fc00a2c39e90264f33305004495a9","hash":"5fe62e0d390e8bd67e48abf1a79100cf33b053e3"}
,"C:\\Users\\ASUS\\Documents\\Hacktiv8\\Fase2\\todoapp-erinafir\\server\\helpers\\openAI.js": {"path":"C:\\Users\\ASUS\\Documents\\Hacktiv8\\Fase2\\todoapp-erinafir\\server\\helpers\\openAI.js","statementMap":{"0":{"start":{"line":1,"column":15},"end":{"line":1,"column":33}},"1":{"start":{"line":2,"column":0},"end":{"line":2,"column":26}},"2":{"start":{"line":4,"column":0},"end":{"line":17,"column":1}},"3":{"start":{"line":6,"column":19},"end":{"line":8,"column":6}},"4":{"start":{"line":9,"column":23},"end":{"line":14,"column":6}},"5":{"start":{"line":16,"column":4},"end":{"line":16,"column":48}}},"fnMap":{"0":{"name":"openAi","decl":{"start":{"line":4,"column":32},"end":{"line":4,"column":38}},"loc":{"start":{"line":4,"column":46},"end":{"line":17,"column":1}},"line":4}},"branchMap":{},"s":{"0":1,"1":1,"2":1,"3":0,"4":0,"5":0},"f":{"0":0},"b":{},"_coverageSchema":"1a1c01bbd47fc00a2c39e90264f33305004495a9","hash":"32d9dd7d29c3687d41e811dbf3420670779b3c47"}
,"C:\\Users\\ASUS\\Documents\\Hacktiv8\\Fase2\\todoapp-erinafir\\server\\middleware\\errorHandler.js": {"path":"C:\\Users\\ASUS\\Documents\\Hacktiv8\\Fase2\\todoapp-erinafir\\server\\middleware\\errorHandler.js","statementMap":{"0":{"start":{"line":3,"column":17},"end":{"line":3,"column":36}},"1":{"start":{"line":4,"column":18},"end":{"line":4,"column":58}},"2":{"start":{"line":6,"column":4},"end":{"line":39,"column":5}},"3":{"start":{"line":9,"column":8},"end":{"line":9,"column":21}},"4":{"start":{"line":10,"column":8},"end":{"line":10,"column":42}},"5":{"start":{"line":11,"column":8},"end":{"line":11,"column":14}},"6":{"start":{"line":13,"column":8},"end":{"line":13,"column":21}},"7":{"start":{"line":14,"column":8},"end":{"line":14,"column":38}},"8":{"start":{"line":15,"column":8},"end":{"line":15,"column":14}},"9":{"start":{"line":17,"column":8},"end":{"line":17,"column":21}},"10":{"start":{"line":18,"column":8},"end":{"line":18,"column":41}},"11":{"start":{"line":19,"column":8},"end":{"line":19,"column":14}},"12":{"start":{"line":22,"column":8},"end":{"line":22,"column":21}},"13":{"start":{"line":23,"column":8},"end":{"line":23,"column":34}},"14":{"start":{"line":24,"column":8},"end":{"line":24,"column":14}},"15":{"start":{"line":26,"column":8},"end":{"line":26,"column":21}},"16":{"start":{"line":27,"column":8},"end":{"line":27,"column":43}},"17":{"start":{"line":28,"column":8},"end":{"line":28,"column":14}},"18":{"start":{"line":30,"column":8},"end":{"line":30,"column":21}},"19":{"start":{"line":31,"column":8},"end":{"line":31,"column":58}},"20":{"start":{"line":32,"column":8},"end":{"line":32,"column":14}},"21":{"start":{"line":34,"column":8},"end":{"line":34,"column":21}},"22":{"start":{"line":35,"column":8},"end":{"line":35,"column":35}},"23":{"start":{"line":36,"column":8},"end":{"line":36,"column":14}},"24":{"start":{"line":38,"column":8},"end":{"line":38,"column":14}},"25":{"start":{"line":40,"column":4},"end":{"line":40,"column":41}},"26":{"start":{"line":43,"column":2},"end":{"line":43,"column":32}}},"fnMap":{"0":{"name":"errorHandler","decl":{"start":{"line":1,"column":9},"end":{"line":1,"column":21}},"loc":{"start":{"line":1,"column":45},"end":{"line":41,"column":3}},"line":1}},"branchMap":{"0":{"loc":{"start":{"line":3,"column":17},"end":{"line":3,"column":36}},"type":"binary-expr","locations":[{"start":{"line":3,"column":17},"end":{"line":3,"column":29}},{"start":{"line":3,"column":33},"end":{"line":3,"column":36}}],"line":3},"1":{"loc":{"start":{"line":4,"column":18},"end":{"line":4,"column":58}},"type":"binary-expr","locations":[{"start":{"line":4,"column":18},"end":{"line":4,"column":31}},{"start":{"line":4,"column":35},"end":{"line":4,"column":58}}],"line":4},"2":{"loc":{"start":{"line":6,"column":4},"end":{"line":39,"column":5}},"type":"switch","locations":[{"start":{"line":7,"column":6},"end":{"line":7,"column":38}},{"start":{"line":8,"column":6},"end":{"line":11,"column":14}},{"start":{"line":12,"column":6},"end":{"line":15,"column":14}},{"start":{"line":16,"column":6},"end":{"line":19,"column":14}},{"start":{"line":20,"column":6},"end":{"line":20,"column":31}},{"start":{"line":21,"column":6},"end":{"line":24,"column":14}},{"start":{"line":25,"column":6},"end":{"line":28,"column":14}},{"start":{"line":29,"column":6},"end":{"line":32,"column":14}},{"start":{"line":33,"column":6},"end":{"line":36,"column":14}},{"start":{"line":37,"column":6},"end":{"line":38,"column":14}}],"line":6}},"s":{"0":27,"1":27,"2":27,"3":12,"4":12,"5":12,"6":1,"7":1,"8":1,"9":1,"10":1,"11":1,"12":6,"13":6,"14":6,"15":2,"16":2,"17":2,"18":3,"19":3,"20":3,"21":2,"22":2,"23":2,"24":0,"25":27,"26":1},"f":{"0":27},"b":{"0":[27,27],"1":[27,15],"2":[12,12,1,1,0,6,2,3,2,0]},"_coverageSchema":"1a1c01bbd47fc00a2c39e90264f33305004495a9","hash":"015b07e6e3fdd1e3501750c20fa22e7b2ccd552a"}
,"C:\\Users\\ASUS\\Documents\\Hacktiv8\\Fase2\\todoapp-erinafir\\server\\middleware\\index.js": {"path":"C:\\Users\\ASUS\\Documents\\Hacktiv8\\Fase2\\todoapp-erinafir\\server\\middleware\\index.js","statementMap":{"0":{"start":{"line":1,"column":23},"end":{"line":1,"column":48}},"1":{"start":{"line":2,"column":23},"end":{"line":2,"column":43}},"2":{"start":{"line":5,"column":21},"end":{"line":5,"column":46}},"3":{"start":{"line":6,"column":2},"end":{"line":24,"column":3}},"4":{"start":{"line":7,"column":4},"end":{"line":9,"column":5}},"5":{"start":{"line":8,"column":6},"end":{"line":8,"column":37}},"6":{"start":{"line":10,"column":26},"end":{"line":10,"column":49}},"7":{"start":{"line":11,"column":4},"end":{"line":11,"column":60}},"8":{"start":{"line":11,"column":29},"end":{"line":11,"column":60}},"9":{"start":{"line":12,"column":18},"end":{"line":12,"column":35}},"10":{"start":{"line":13,"column":15},"end":{"line":13,"column":46}},"11":{"start":{"line":14,"column":4},"end":{"line":14,"column":22}},"12":{"start":{"line":15,"column":4},"end":{"line":17,"column":5}},"13":{"start":{"line":16,"column":6},"end":{"line":16,"column":28}},"14":{"start":{"line":18,"column":4},"end":{"line":20,"column":6}},"15":{"start":{"line":21,"column":4},"end":{"line":21,"column":11}},"16":{"start":{"line":23,"column":4},"end":{"line":23,"column":16}},"17":{"start":{"line":28,"column":2},"end":{"line":42,"column":3}},"18":{"start":{"line":29,"column":19},"end":{"line":29,"column":29}},"19":{"start":{"line":30,"column":23},"end":{"line":30,"column":31}},"20":{"start":{"line":31,"column":15},"end":{"line":31,"column":38}},"21":{"start":{"line":32,"column":4},"end":{"line":34,"column":5}},"22":{"start":{"line":33,"column":6},"end":{"line":33,"column":25}},"23":{"start":{"line":35,"column":4},"end":{"line":39,"column":5}},"24":{"start":{"line":36,"column":6},"end":{"line":36,"column":13}},"25":{"start":{"line":38,"column":6},"end":{"line":38,"column":38}},"26":{"start":{"line":41,"column":4},"end":{"line":41,"column":16}},"27":{"start":{"line":46,"column":2},"end":{"line":60,"column":3}},"28":{"start":{"line":47,"column":23},"end":{"line":47,"column":31}},"29":{"start":{"line":48,"column":19},"end":{"line":48,"column":29}},"30":{"start":{"line":49,"column":15},"end":{"line":49,"column":38}},"31":{"start":{"line":50,"column":4},"end":{"line":52,"column":5}},"32":{"start":{"line":51,"column":6},"end":{"line":51,"column":25}},"33":{"start":{"line":53,"column":4},"end":{"line":57,"column":5}},"34":{"start":{"line":54,"column":6},"end":{"line":54,"column":13}},"35":{"start":{"line":56,"column":6},"end":{"line":56,"column":38}},"36":{"start":{"line":59,"column":4},"end":{"line":59,"column":16}},"37":{"start":{"line":63,"column":0},"end":{"line":63,"column":74}}},"fnMap":{"0":{"name":"authentication","decl":{"start":{"line":4,"column":15},"end":{"line":4,"column":29}},"loc":{"start":{"line":4,"column":46},"end":{"line":25,"column":1}},"line":4},"1":{"name":"authorizationTask","decl":{"start":{"line":27,"column":15},"end":{"line":27,"column":32}},"loc":{"start":{"line":27,"column":49},"end":{"line":43,"column":1}},"line":27},"2":{"name":"authorizationUser","decl":{"start":{"line":45,"column":15},"end":{"line":45,"column":32}},"loc":{"start":{"line":45,"column":49},"end":{"line":61,"column":1}},"line":45}},"branchMap":{"0":{"loc":{"start":{"line":7,"column":4},"end":{"line":9,"column":5}},"type":"if","locations":[{"start":{"line":7,"column":4},"end":{"line":9,"column":5}},{"start":{},"end":{}}],"line":7},"1":{"loc":{"start":{"line":11,"column":4},"end":{"line":11,"column":60}},"type":"if","locations":[{"start":{"line":11,"column":4},"end":{"line":11,"column":60}},{"start":{},"end":{}}],"line":11},"2":{"loc":{"start":{"line":15,"column":4},"end":{"line":17,"column":5}},"type":"if","locations":[{"start":{"line":15,"column":4},"end":{"line":17,"column":5}},{"start":{},"end":{}}],"line":15},"3":{"loc":{"start":{"line":32,"column":4},"end":{"line":34,"column":5}},"type":"if","locations":[{"start":{"line":32,"column":4},"end":{"line":34,"column":5}},{"start":{},"end":{}}],"line":32},"4":{"loc":{"start":{"line":35,"column":4},"end":{"line":39,"column":5}},"type":"if","locations":[{"start":{"line":35,"column":4},"end":{"line":39,"column":5}},{"start":{"line":37,"column":11},"end":{"line":39,"column":5}}],"line":35},"5":{"loc":{"start":{"line":50,"column":4},"end":{"line":52,"column":5}},"type":"if","locations":[{"start":{"line":50,"column":4},"end":{"line":52,"column":5}},{"start":{},"end":{}}],"line":50},"6":{"loc":{"start":{"line":53,"column":4},"end":{"line":57,"column":5}},"type":"if","locations":[{"start":{"line":53,"column":4},"end":{"line":57,"column":5}},{"start":{"line":55,"column":11},"end":{"line":57,"column":5}}],"line":53}},"s":{"0":1,"1":1,"2":24,"3":24,"4":24,"5":0,"6":24,"7":24,"8":6,"9":18,"10":18,"11":18,"12":18,"13":0,"14":18,"15":18,"16":6,"17":6,"18":6,"19":6,"20":6,"21":6,"22":1,"23":5,"24":3,"25":2,"26":3,"27":8,"28":8,"29":8,"30":8,"31":8,"32":1,"33":7,"34":6,"35":1,"36":2,"37":1},"f":{"0":24,"1":6,"2":8},"b":{"0":[0,24],"1":[6,18],"2":[0,18],"3":[1,5],"4":[3,2],"5":[1,7],"6":[6,1]},"_coverageSchema":"1a1c01bbd47fc00a2c39e90264f33305004495a9","hash":"b356b92bcbb6529246e2c7631aa05fcf327a2b6c"}
,"C:\\Users\\ASUS\\Documents\\Hacktiv8\\Fase2\\todoapp-erinafir\\server\\models\\index.js": {"path":"C:\\Users\\ASUS\\Documents\\Hacktiv8\\Fase2\\todoapp-erinafir\\server\\models\\index.js","statementMap":{"0":{"start":{"line":3,"column":11},"end":{"line":3,"column":24}},"1":{"start":{"line":4,"column":13},"end":{"line":4,"column":28}},"2":{"start":{"line":5,"column":18},"end":{"line":5,"column":38}},"3":{"start":{"line":6,"column":16},"end":{"line":6,"column":34}},"4":{"start":{"line":7,"column":17},"end":{"line":7,"column":42}},"5":{"start":{"line":8,"column":12},"end":{"line":8,"column":49}},"6":{"start":{"line":9,"column":15},"end":{"line":9,"column":65}},"7":{"start":{"line":10,"column":11},"end":{"line":10,"column":13}},"8":{"start":{"line":13,"column":0},"end":{"line":17,"column":1}},"9":{"start":{"line":14,"column":2},"end":{"line":14,"column":74}},"10":{"start":{"line":16,"column":2},"end":{"line":16,"column":87}},"11":{"start":{"line":19,"column":0},"end":{"line":32,"column":5}},"12":{"start":{"line":22,"column":4},"end":{"line":27,"column":6}},"13":{"start":{"line":30,"column":18},"end":{"line":30,"column":85}},"14":{"start":{"line":31,"column":4},"end":{"line":31,"column":27}},"15":{"start":{"line":34,"column":0},"end":{"line":38,"column":3}},"16":{"start":{"line":35,"column":2},"end":{"line":37,"column":3}},"17":{"start":{"line":36,"column":4},"end":{"line":36,"column":32}},"18":{"start":{"line":40,"column":0},"end":{"line":40,"column":25}},"19":{"start":{"line":41,"column":0},"end":{"line":41,"column":25}},"20":{"start":{"line":43,"column":0},"end":{"line":43,"column":20}}},"fnMap":{"0":{"name":"(anonymous_0)","decl":{"start":{"line":21,"column":10},"end":{"line":21,"column":11}},"loc":{"start":{"line":21,"column":18},"end":{"line":28,"column":3}},"line":21},"1":{"name":"(anonymous_1)","decl":{"start":{"line":29,"column":11},"end":{"line":29,"column":12}},"loc":{"start":{"line":29,"column":19},"end":{"line":32,"column":3}},"line":29},"2":{"name":"(anonymous_2)","decl":{"start":{"line":34,"column":24},"end":{"line":34,"column":25}},"loc":{"start":{"line":34,"column":37},"end":{"line":38,"column":1}},"line":34}},"branchMap":{"0":{"loc":{"start":{"line":8,"column":12},"end":{"line":8,"column":49}},"type":"binary-expr","locations":[{"start":{"line":8,"column":12},"end":{"line":8,"column":32}},{"start":{"line":8,"column":36},"end":{"line":8,"column":49}}],"line":8},"1":{"loc":{"start":{"line":13,"column":0},"end":{"line":17,"column":1}},"type":"if","locations":[{"start":{"line":13,"column":0},"end":{"line":17,"column":1}},{"start":{"line":15,"column":7},"end":{"line":17,"column":1}}],"line":13},"2":{"loc":{"start":{"line":23,"column":6},"end":{"line":26,"column":37}},"type":"binary-expr","locations":[{"start":{"line":23,"column":6},"end":{"line":23,"column":29}},{"start":{"line":24,"column":6},"end":{"line":24,"column":23}},{"start":{"line":25,"column":6},"end":{"line":25,"column":30}},{"start":{"line":26,"column":6},"end":{"line":26,"column":37}}],"line":23},"3":{"loc":{"start":{"line":35,"column":2},"end":{"line":37,"column":3}},"type":"if","locations":[{"start":{"line":35,"column":2},"end":{"line":37,"column":3}},{"start":{},"end":{}}],"line":35}},"s":{"0":1,"1":1,"2":1,"3":1,"4":1,"5":1,"6":1,"7":1,"8":1,"9":0,"10":1,"11":1,"12":3,"13":2,"14":2,"15":1,"16":2,"17":2,"18":1,"19":1,"20":1},"f":{"0":3,"1":2,"2":2},"b":{"0":[1,0],"1":[0,1],"2":[3,3,2,2],"3":[2,0]},"_coverageSchema":"1a1c01bbd47fc00a2c39e90264f33305004495a9","hash":"43467cfa3b12451be6b37e54e3bdaf1b23b40117"}
,"C:\\Users\\ASUS\\Documents\\Hacktiv8\\Fase2\\todoapp-erinafir\\server\\models\\task.js": {"path":"C:\\Users\\ASUS\\Documents\\Hacktiv8\\Fase2\\todoapp-erinafir\\server\\models\\task.js","statementMap":{"0":{"start":{"line":2,"column":18},"end":{"line":2,"column":38}},"1":{"start":{"line":3,"column":0},"end":{"line":39,"column":2}},"2":{"start":{"line":14,"column":2},"end":{"line":37,"column":4}},"3":{"start":{"line":38,"column":2},"end":{"line":38,"column":14}}},"fnMap":{"0":{"name":"(anonymous_0)","decl":{"start":{"line":3,"column":17},"end":{"line":3,"column":18}},"loc":{"start":{"line":3,"column":43},"end":{"line":39,"column":1}},"line":3},"1":{"name":"(anonymous_1)","decl":{"start":{"line":10,"column":4},"end":{"line":10,"column":5}},"loc":{"start":{"line":10,"column":29},"end":{"line":12,"column":5}},"line":10}},"branchMap":{},"s":{"0":1,"1":1,"2":1,"3":1},"f":{"0":1,"1":1},"b":{},"_coverageSchema":"1a1c01bbd47fc00a2c39e90264f33305004495a9","hash":"8c64f75ae177073924463716b836693ae649d9b9"}
,"C:\\Users\\ASUS\\Documents\\Hacktiv8\\Fase2\\todoapp-erinafir\\server\\models\\user.js": {"path":"C:\\Users\\ASUS\\Documents\\Hacktiv8\\Fase2\\todoapp-erinafir\\server\\models\\user.js","statementMap":{"0":{"start":{"line":2,"column":18},"end":{"line":2,"column":38}},"1":{"start":{"line":3,"column":15},"end":{"line":3,"column":34}},"2":{"start":{"line":4,"column":0},"end":{"line":93,"column":2}},"3":{"start":{"line":13,"column":6},"end":{"line":13,"column":58}},"4":{"start":{"line":16,"column":2},"end":{"line":91,"column":4}},"5":{"start":{"line":84,"column":23},"end":{"line":84,"column":45}},"6":{"start":{"line":85,"column":23},"end":{"line":85,"column":63}},"7":{"start":{"line":86,"column":10},"end":{"line":86,"column":35}},"8":{"start":{"line":92,"column":2},"end":{"line":92,"column":14}}},"fnMap":{"0":{"name":"(anonymous_0)","decl":{"start":{"line":4,"column":17},"end":{"line":4,"column":18}},"loc":{"start":{"line":4,"column":43},"end":{"line":93,"column":1}},"line":4},"1":{"name":"(anonymous_1)","decl":{"start":{"line":11,"column":4},"end":{"line":11,"column":5}},"loc":{"start":{"line":11,"column":29},"end":{"line":14,"column":5}},"line":11},"2":{"name":"(anonymous_2)","decl":{"start":{"line":83,"column":8},"end":{"line":83,"column":9}},"loc":{"start":{"line":83,"column":39},"end":{"line":87,"column":9}},"line":83}},"branchMap":{},"s":{"0":1,"1":1,"2":1,"3":1,"4":1,"5":3,"6":3,"7":3,"8":1},"f":{"0":1,"1":1,"2":3},"b":{},"_coverageSchema":"1a1c01bbd47fc00a2c39e90264f33305004495a9","hash":"42e254bab6ed06c6c9b2c0b1c48c1eafcdb5dc26"}
,"C:\\Users\\ASUS\\Documents\\Hacktiv8\\Fase2\\todoapp-erinafir\\server\\routes\\index.js": {"path":"C:\\Users\\ASUS\\Documents\\Hacktiv8\\Fase2\\todoapp-erinafir\\server\\routes\\index.js","statementMap":{"0":{"start":{"line":1,"column":16},"end":{"line":1,"column":34}},"1":{"start":{"line":2,"column":19},"end":{"line":2,"column":55}},"2":{"start":{"line":3,"column":14},"end":{"line":3,"column":30}},"3":{"start":{"line":4,"column":44},"end":{"line":4,"column":74}},"4":{"start":{"line":6,"column":0},"end":{"line":6,"column":38}},"5":{"start":{"line":7,"column":0},"end":{"line":7,"column":49}},"6":{"start":{"line":8,"column":0},"end":{"line":8,"column":47}},"7":{"start":{"line":9,"column":0},"end":{"line":9,"column":60}},"8":{"start":{"line":10,"column":0},"end":{"line":10,"column":25}},"9":{"start":{"line":11,"column":0},"end":{"line":11,"column":48}},"10":{"start":{"line":12,"column":0},"end":{"line":12,"column":49}},"11":{"start":{"line":13,"column":0},"end":{"line":13,"column":71}},"12":{"start":{"line":15,"column":0},"end":{"line":15,"column":22}}},"fnMap":{},"branchMap":{},"s":{"0":1,"1":1,"2":1,"3":1,"4":1,"5":1,"6":1,"7":1,"8":1,"9":1,"10":1,"11":1,"12":1},"f":{},"b":{},"_coverageSchema":"1a1c01bbd47fc00a2c39e90264f33305004495a9","hash":"f694fe0389722d9b623ce5b5169e49135e7ea4d7"}
,"C:\\Users\\ASUS\\Documents\\Hacktiv8\\Fase2\\todoapp-erinafir\\server\\routes\\tasks.js": {"path":"C:\\Users\\ASUS\\Documents\\Hacktiv8\\Fase2\\todoapp-erinafir\\server\\routes\\tasks.js","statementMap":{"0":{"start":{"line":1,"column":16},"end":{"line":1,"column":34}},"1":{"start":{"line":2,"column":19},"end":{"line":2,"column":55}},"2":{"start":{"line":3,"column":13},"end":{"line":3,"column":29}},"3":{"start":{"line":4,"column":44},"end":{"line":4,"column":74}},"4":{"start":{"line":6,"column":0},"end":{"line":6,"column":24}},"5":{"start":{"line":7,"column":0},"end":{"line":7,"column":35}},"6":{"start":{"line":8,"column":0},"end":{"line":8,"column":34}},"7":{"start":{"line":9,"column":0},"end":{"line":9,"column":40}},"8":{"start":{"line":10,"column":0},"end":{"line":10,"column":58}},"9":{"start":{"line":11,"column":0},"end":{"line":11,"column":61}},"10":{"start":{"line":13,"column":0},"end":{"line":13,"column":21}}},"fnMap":{},"branchMap":{},"s":{"0":1,"1":1,"2":1,"3":1,"4":1,"5":1,"6":1,"7":1,"8":1,"9":1,"10":1},"f":{},"b":{},"_coverageSchema":"1a1c01bbd47fc00a2c39e90264f33305004495a9","hash":"f0afa2924aa83fa7752d15e9d2e724f3209837dc"}
}
