TN:
SF:app.js
FNF:0
FNH:0
DA:6,1
DA:7,1
DA:10,1
DA:11,1
DA:12,1
DA:16,1
DA:17,1
DA:18,1
DA:19,1
DA:21,1
DA:22,1
DA:24,1
LF:12
LH:12
BRDA:6,0,0,1
BRDA:6,0,1,0
BRF:2
BRH:1
end_of_record
TN:
SF:index.js
FN:17,(anonymous_0)
FNF:1
FNH:0
FNDA:0,(anonymous_0)
DA:1,1
DA:2,1
DA:10,1
DA:17,1
DA:18,0
DA:19,0
DA:21,0
DA:25,1
LF:8
LH:5
BRDA:18,0,0,0
BRDA:18,0,1,0
BRF:2
BRH:0
end_of_record
TN:
SF:controllers\controller.js
FN:9,(anonymous_0)
FN:32,(anonymous_1)
FN:44,(anonymous_2)
FN:70,(anonymous_3)
FN:96,(anonymous_4)
FN:108,(anonymous_5)
FN:133,(anonymous_6)
FN:147,(anonymous_7)
FN:156,(anonymous_8)
FN:168,(anonymous_9)
FN:190,(anonymous_10)
FN:205,(anonymous_11)
FNF:12
FNH:8
FNDA:6,(anonymous_0)
FNDA:0,(anonymous_1)
FNDA:5,(anonymous_2)
FNDA:0,(anonymous_3)
FNDA:0,(anonymous_4)
FNDA:6,(anonymous_5)
FNDA:2,(anonymous_6)
FNDA:1,(anonymous_7)
FNDA:1,(anonymous_8)
FNDA:2,(anonymous_9)
FNDA:1,(anonymous_10)
FNDA:0,(anonymous_11)
DA:1,1
DA:2,1
DA:3,1
DA:4,1
DA:5,1
DA:6,1
DA:10,6
DA:11,6
DA:12,6
DA:19,1
DA:20,1
DA:32,1
DA:33,0
DA:34,0
DA:36,0
DA:39,1
DA:41,5
DA:45,5
DA:46,5
DA:47,5
DA:48,1
DA:50,4
DA:51,1
DA:53,3
DA:54,3
DA:55,3
DA:56,1
DA:58,2
DA:59,2
DA:60,1
DA:62,1
DA:65,1
DA:67,4
DA:71,0
DA:72,0
DA:73,0
DA:78,0
DA:79,0
DA:90,0
DA:92,0
DA:93,0
DA:97,0
DA:98,0
DA:99,0
DA:100,0
DA:101,0
DA:103,0
DA:105,0
DA:109,6
DA:110,6
DA:111,6
DA:112,6
DA:113,6
DA:114,0
DA:116,6
DA:126,1
DA:130,5
DA:134,2
DA:135,2
DA:136,2
DA:137,2
DA:142,1
DA:144,1
DA:148,1
DA:149,1
DA:150,1
DA:151,1
DA:153,0
DA:157,1
DA:158,1
DA:159,1
DA:160,1
DA:161,0
DA:163,1
DA:165,0
DA:169,2
DA:170,2
DA:171,2
DA:172,2
DA:173,2
DA:174,0
DA:176,2
DA:183,1
DA:187,1
DA:191,1
DA:192,1
DA:193,1
DA:194,1
DA:195,0
DA:197,1
DA:198,1
DA:202,0
DA:206,0
DA:207,0
DA:208,0
DA:210,0
DA:211,0
DA:216,1
LF:98
LH:68
BRDA:33,0,0,0
BRDA:33,0,1,0
BRDA:47,1,0,1
BRDA:47,1,1,4
BRDA:50,2,0,1
BRDA:50,2,1,3
BRDA:55,3,0,1
BRDA:55,3,1,2
BRDA:59,4,0,1
BRDA:59,4,1,1
BRDA:100,5,0,0
BRDA:100,5,1,0
BRDA:113,6,0,0
BRDA:113,6,1,6
BRDA:160,7,0,0
BRDA:160,7,1,1
BRDA:173,8,0,0
BRDA:173,8,1,2
BRDA:194,9,0,0
BRDA:194,9,1,1
BRF:20
BRH:12
end_of_record
TN:
SF:helpers\jwt.js
FN:5,(anonymous_0)
FN:6,(anonymous_1)
FNF:2
FNH:2
FNDA:3,(anonymous_0)
FNDA:18,(anonymous_1)
DA:1,1
DA:2,1
DA:5,3
DA:6,18
DA:8,1
LF:5
LH:5
BRF:0
BRH:0
end_of_record
TN:
SF:helpers\openAI.js
FN:4,openAi
FNF:1
FNH:0
FNDA:0,openAi
DA:1,1
DA:2,1
DA:4,1
DA:6,0
DA:9,0
DA:16,0
LF:6
LH:3
BRF:0
BRH:0
end_of_record
TN:
SF:middleware\errorHandler.js
FN:1,errorHandler
FNF:1
FNH:1
FNDA:27,errorHandler
DA:3,27
DA:4,27
DA:6,27
DA:9,12
DA:10,12
DA:11,12
DA:13,1
DA:14,1
DA:15,1
DA:17,1
DA:18,1
DA:19,1
DA:22,6
DA:23,6
DA:24,6
DA:26,2
DA:27,2
DA:28,2
DA:30,3
DA:31,3
DA:32,3
DA:34,2
DA:35,2
DA:36,2
DA:38,0
DA:40,27
DA:43,1
LF:27
LH:26
BRDA:3,0,0,27
BRDA:3,0,1,27
BRDA:4,1,0,27
BRDA:4,1,1,15
BRDA:6,2,0,12
BRDA:6,2,1,12
BRDA:6,2,2,1
BRDA:6,2,3,1
BRDA:6,2,4,0
BRDA:6,2,5,6
BRDA:6,2,6,2
BRDA:6,2,7,3
BRDA:6,2,8,2
BRDA:6,2,9,0
BRF:14
BRH:12
end_of_record
TN:
SF:middleware\index.js
FN:4,authentication
FN:27,authorizationTask
FN:45,authorizationUser
FNF:3
FNH:3
FNDA:24,authentication
FNDA:6,authorizationTask
FNDA:8,authorizationUser
DA:1,1
DA:2,1
DA:5,24
DA:6,24
DA:7,24
DA:8,0
DA:10,24
DA:11,24
DA:12,18
DA:13,18
DA:14,18
DA:15,18
DA:16,0
DA:18,18
DA:21,18
DA:23,6
DA:28,6
DA:29,6
DA:30,6
DA:31,6
DA:32,6
DA:33,1
DA:35,5
DA:36,3
DA:38,2
DA:41,3
DA:46,8
DA:47,8
DA:48,8
DA:49,8
DA:50,8
DA:51,1
DA:53,7
DA:54,6
DA:56,1
DA:59,2
DA:63,1
LF:37
LH:35
BRDA:7,0,0,0
BRDA:7,0,1,24
BRDA:11,1,0,6
BRDA:11,1,1,18
BRDA:15,2,0,0
BRDA:15,2,1,18
BRDA:32,3,0,1
BRDA:32,3,1,5
BRDA:35,4,0,3
BRDA:35,4,1,2
BRDA:50,5,0,1
BRDA:50,5,1,7
BRDA:53,6,0,6
BRDA:53,6,1,1
BRF:14
BRH:12
end_of_record
TN:
SF:models\index.js
FN:21,(anonymous_0)
FN:29,(anonymous_1)
FN:34,(anonymous_2)
FNF:3
FNH:3
FNDA:3,(anonymous_0)
FNDA:2,(anonymous_1)
FNDA:2,(anonymous_2)
DA:3,1
DA:4,1
DA:5,1
DA:6,1
DA:7,1
DA:8,1
DA:9,1
DA:10,1
DA:13,1
DA:14,0
DA:16,1
DA:19,1
DA:22,3
DA:30,2
DA:31,2
DA:34,1
DA:35,2
DA:36,2
DA:40,1
DA:41,1
DA:43,1
LF:21
LH:20
BRDA:8,0,0,1
BRDA:8,0,1,0
BRDA:13,1,0,0
BRDA:13,1,1,1
BRDA:23,2,0,3
BRDA:23,2,1,3
BRDA:23,2,2,2
BRDA:23,2,3,2
BRDA:35,3,0,2
BRDA:35,3,1,0
BRF:10
BRH:7
end_of_record
TN:
SF:models\task.js
FN:3,(anonymous_0)
FN:10,(anonymous_1)
FNF:2
FNH:2
FNDA:1,(anonymous_0)
FNDA:1,(anonymous_1)
DA:2,1
DA:3,1
DA:14,1
DA:38,1
LF:4
LH:4
BRF:0
BRH:0
end_of_record
TN:
SF:models\user.js
FN:4,(anonymous_0)
FN:11,(anonymous_1)
FN:83,(anonymous_2)
FNF:3
FNH:3
FNDA:1,(anonymous_0)
FNDA:1,(anonymous_1)
FNDA:3,(anonymous_2)
DA:2,1
DA:3,1
DA:4,1
DA:13,1
DA:16,1
DA:84,3
DA:85,3
DA:86,3
DA:92,1
LF:9
LH:9
BRF:0
BRH:0
end_of_record
TN:
SF:routes\index.js
FNF:0
FNH:0
DA:1,1
DA:2,1
DA:3,1
DA:4,1
DA:6,1
DA:7,1
DA:8,1
DA:9,1
DA:10,1
DA:11,1
DA:12,1
DA:13,1
DA:15,1
LF:13
LH:13
BRF:0
BRH:0
end_of_record
TN:
SF:routes\tasks.js
FNF:0
FNH:0
DA:1,1
DA:2,1
DA:3,1
DA:4,1
DA:6,1
DA:7,1
DA:8,1
DA:9,1
DA:10,1
DA:11,1
DA:13,1
LF:11
LH:11
BRF:0
BRH:0
end_of_record
